This is pdfTeX, Version 3.141592653-2.6-1.40.25 (MiKTeX 24.1) (preloaded format=pdflatex 2024.2.6)  22 MAR 2024 11:12
entering extended mode
 restricted \write18 enabled.
 %&-line parsing enabled.
**./Report.tex
(Report.tex
LaTeX2e <2023-11-01> patch level 1
L3 programming layer <2024-01-22>
(C:\Users\Vincas\AppData\Local\Programs\MiKTeX\tex/latex/base\report.cls
Document Class: report 2023/05/17 v1.4n Standard LaTeX document class
(C:\Users\Vincas\AppData\Local\Programs\MiKTeX\tex/latex/base\size11.clo
File: size11.clo 2023/05/17 v1.4n Standard LaTeX file (size option)
)
\c@part=\count187
\c@chapter=\count188
\c@section=\count189
\c@subsection=\count190
\c@subsubsection=\count191
\c@paragraph=\count192
\c@subparagraph=\count193
\c@figure=\count194
\c@table=\count195
\abovecaptionskip=\skip48
\belowcaptionskip=\skip49
\bibindent=\dimen140
)
(C:\Users\Vincas\AppData\Local\Programs\MiKTeX\tex/latex/graphics\graphicx.sty
Package: graphicx 2021/09/16 v1.2d Enhanced LaTeX Graphics (DPC,SPQR)

(C:\Users\Vincas\AppData\Local\Programs\MiKTeX\tex/latex/graphics\keyval.sty
Package: keyval 2022/05/29 v1.15 key=value parser (DPC)
\KV@toks@=\toks17
)
(C:\Users\Vincas\AppData\Local\Programs\MiKTeX\tex/latex/graphics\graphics.sty
Package: graphics 2022/03/10 v1.4e Standard LaTeX Graphics (DPC,SPQR)

(C:\Users\Vincas\AppData\Local\Programs\MiKTeX\tex/latex/graphics\trig.sty
Package: trig 2021/08/11 v1.11 sin cos tan (DPC)
)
(C:\Users\Vincas\AppData\Local\Programs\MiKTeX\tex/latex/graphics-cfg\graphics.
cfg
File: graphics.cfg 2016/06/04 v1.11 sample graphics configuration
)
Package graphics Info: Driver file: pdftex.def on input line 107.

(C:\Users\Vincas\AppData\Local\Programs\MiKTeX\tex/latex/graphics-def\pdftex.de
f
File: pdftex.def 2022/09/22 v1.2b Graphics/color driver for pdftex
))
\Gin@req@height=\dimen141
\Gin@req@width=\dimen142
)
(C:\Users\Vincas\AppData\Local\Programs\MiKTeX\tex/latex/appendix\appendix.sty
Package: appendix 2020/02/08 v1.2c extra appendix facilities
\c@@pps=\count196
\c@@ppsavesec=\count197
\c@@ppsaveapp=\count198
) (C:\Users\Vincas\AppData\Local\Programs\MiKTeX\tex/latex/float\float.sty
Package: float 2001/11/08 v1.3d Float enhancements (AL)
\c@float@type=\count199
\float@exts=\toks18
\float@box=\box51
\@float@everytoks=\toks19
\@floatcapt=\box52
)
(C:\Users\Vincas\AppData\Local\Programs\MiKTeX\tex/latex/geometry\geometry.sty
Package: geometry 2020/01/02 v5.9 Page Geometry

(C:\Users\Vincas\AppData\Local\Programs\MiKTeX\tex/generic/iftex\ifvtex.sty
Package: ifvtex 2019/10/25 v1.7 ifvtex legacy package. Use iftex instead.

(C:\Users\Vincas\AppData\Local\Programs\MiKTeX\tex/generic/iftex\iftex.sty
Package: iftex 2022/02/03 v1.0f TeX engine tests
))
\Gm@cnth=\count266
\Gm@cntv=\count267
\c@Gm@tempcnt=\count268
\Gm@bindingoffset=\dimen143
\Gm@wd@mp=\dimen144
\Gm@odd@mp=\dimen145
\Gm@even@mp=\dimen146
\Gm@layoutwidth=\dimen147
\Gm@layoutheight=\dimen148
\Gm@layouthoffset=\dimen149
\Gm@layoutvoffset=\dimen150
\Gm@dimlist=\toks20

(C:\Users\Vincas\AppData\Local\Programs\MiKTeX\tex/latex/geometry\geometry.cfg)
) (C:\Users\Vincas\AppData\Local\Programs\MiKTeX\tex/generic/babel\babel.sty
Package: babel 2024/01/07 v24.1 The Babel package
\babel@savecnt=\count269
\U@D=\dimen151
\l@unhyphenated=\language79

(C:\Users\Vincas\AppData\Local\Programs\MiKTeX\tex/generic/babel\txtbabel.def)
\bbl@readstream=\read2
\bbl@dirlevel=\count270

*************************************
* Local config file bblopts.cfg used
*
(C:\Users\Vincas\AppData\Local\Programs\MiKTeX\tex/latex/arabi\bblopts.cfg
File: bblopts.cfg 2005/09/08 v0.1 add Arabic and Farsi to "declared" options of
 babel
)
(C:\Users\Vincas\AppData\Local\Programs\MiKTeX\tex/latex/babel-english\english.
ldf
Language: english 2017/06/06 v3.3r English support from the babel system
Package babel Info: Hyphen rules for 'canadian' set to \l@english
(babel)             (\language0). Reported on input line 102.
Package babel Info: Hyphen rules for 'australian' set to \l@ukenglish
(babel)             (\language73). Reported on input line 105.
Package babel Info: Hyphen rules for 'newzealand' set to \l@ukenglish
(babel)             (\language73). Reported on input line 108.
))
(C:\Users\Vincas\AppData\Local\Programs\MiKTeX\tex/generic/babel/locale/en\babe
l-english.tex
Package babel Info: Importing font and identification data for english
(babel)             from babel-en.ini. Reported on input line 11.
)
(C:\Users\Vincas\AppData\Local\Programs\MiKTeX\tex/latex/csquotes\csquotes.sty
Package: csquotes 2022-09-14 v5.2n context-sensitive quotations (JAW)

(C:\Users\Vincas\AppData\Local\Programs\MiKTeX\tex/latex/etoolbox\etoolbox.sty
Package: etoolbox 2020/10/05 v2.5k e-TeX tools for LaTeX (JAW)
\etb@tempcnta=\count271
)
\csq@reset=\count272
\csq@gtype=\count273
\csq@glevel=\count274
\csq@qlevel=\count275
\csq@maxlvl=\count276
\csq@tshold=\count277
\csq@ltx@everypar=\toks21
(C:\Users\Vincas\AppData\Local\Programs\MiKTeX\tex/latex/csquotes\csquotes.def
File: csquotes.def 2022-09-14 v5.2n csquotes generic definitions (JAW)
)
Package csquotes Info: Trying to load configuration file 'csquotes.cfg'...
Package csquotes Info: ... configuration file loaded successfully.
(C:\Users\Vincas\AppData\Local\Programs\MiKTeX\tex/latex/csquotes\csquotes.cfg
File: csquotes.cfg 
)) (C:\Users\Vincas\AppData\Local\Programs\MiKTeX\tex/latex/amsmath\amsmath.sty
Package: amsmath 2023/05/13 v2.17o AMS math features
\@mathmargin=\skip50

For additional information on amsmath, use the `?' option.
(C:\Users\Vincas\AppData\Local\Programs\MiKTeX\tex/latex/amsmath\amstext.sty
Package: amstext 2021/08/26 v2.01 AMS text

(C:\Users\Vincas\AppData\Local\Programs\MiKTeX\tex/latex/amsmath\amsgen.sty
File: amsgen.sty 1999/11/30 v2.0 generic functions
\@emptytoks=\toks22
\ex@=\dimen152
))
(C:\Users\Vincas\AppData\Local\Programs\MiKTeX\tex/latex/amsmath\amsbsy.sty
Package: amsbsy 1999/11/29 v1.2d Bold Symbols
\pmbraise@=\dimen153
)
(C:\Users\Vincas\AppData\Local\Programs\MiKTeX\tex/latex/amsmath\amsopn.sty
Package: amsopn 2022/04/08 v2.04 operator names
)
\inf@bad=\count278
LaTeX Info: Redefining \frac on input line 234.
\uproot@=\count279
\leftroot@=\count280
LaTeX Info: Redefining \overline on input line 399.
LaTeX Info: Redefining \colon on input line 410.
\classnum@=\count281
\DOTSCASE@=\count282
LaTeX Info: Redefining \ldots on input line 496.
LaTeX Info: Redefining \dots on input line 499.
LaTeX Info: Redefining \cdots on input line 620.
\Mathstrutbox@=\box53
\strutbox@=\box54
LaTeX Info: Redefining \big on input line 722.
LaTeX Info: Redefining \Big on input line 723.
LaTeX Info: Redefining \bigg on input line 724.
LaTeX Info: Redefining \Bigg on input line 725.
\big@size=\dimen154
LaTeX Font Info:    Redeclaring font encoding OML on input line 743.
LaTeX Font Info:    Redeclaring font encoding OMS on input line 744.
\macc@depth=\count283
LaTeX Info: Redefining \bmod on input line 905.
LaTeX Info: Redefining \pmod on input line 910.
LaTeX Info: Redefining \smash on input line 940.
LaTeX Info: Redefining \relbar on input line 970.
LaTeX Info: Redefining \Relbar on input line 971.
\c@MaxMatrixCols=\count284
\dotsspace@=\muskip16
\c@parentequation=\count285
\dspbrk@lvl=\count286
\tag@help=\toks23
\row@=\count287
\column@=\count288
\maxfields@=\count289
\andhelp@=\toks24
\eqnshift@=\dimen155
\alignsep@=\dimen156
\tagshift@=\dimen157
\tagwidth@=\dimen158
\totwidth@=\dimen159
\lineht@=\dimen160
\@envbody=\toks25
\multlinegap=\skip51
\multlinetaggap=\skip52
\mathdisplay@stack=\toks26
LaTeX Info: Redefining \[ on input line 2953.
LaTeX Info: Redefining \] on input line 2954.
)
(C:\Users\Vincas\AppData\Local\Programs\MiKTeX\tex/latex/biblatex\biblatex.sty
Package: biblatex 2023/03/05 v3.19 programmable bibliographies (PK/MW)

(C:\Users\Vincas\AppData\Local\Programs\MiKTeX\tex/generic/pdftexcmds\pdftexcmd
s.sty
Package: pdftexcmds 2020-06-27 v0.33 Utility functions of pdfTeX for LuaTeX (HO
)

(C:\Users\Vincas\AppData\Local\Programs\MiKTeX\tex/generic/infwarerr\infwarerr.
sty
Package: infwarerr 2019/12/03 v1.5 Providing info/warning/error messages (HO)
)
(C:\Users\Vincas\AppData\Local\Programs\MiKTeX\tex/generic/ltxcmds\ltxcmds.sty
Package: ltxcmds 2023-12-04 v1.26 LaTeX kernel commands for general use (HO)
)
Package pdftexcmds Info: \pdf@primitive is available.
Package pdftexcmds Info: \pdf@ifprimitive is available.
Package pdftexcmds Info: \pdfdraftmode found.
)
(C:\Users\Vincas\AppData\Local\Programs\MiKTeX\tex/latex/kvoptions\kvoptions.st
y
Package: kvoptions 2022-06-15 v3.15 Key value format for package options (HO)

(C:\Users\Vincas\AppData\Local\Programs\MiKTeX\tex/latex/kvsetkeys\kvsetkeys.st
y
Package: kvsetkeys 2022-10-05 v1.19 Key value parser (HO)
)) (C:\Users\Vincas\AppData\Local\Programs\MiKTeX\tex/latex/logreq\logreq.sty
Package: logreq 2010/08/04 v1.0 xml request logger
\lrq@indent=\count290

(C:\Users\Vincas\AppData\Local\Programs\MiKTeX\tex/latex/logreq\logreq.def
File: logreq.def 2010/08/04 v1.0 logreq spec v1.0
))
(C:\Users\Vincas\AppData\Local\Programs\MiKTeX\tex/latex/base\ifthen.sty
Package: ifthen 2022/04/13 v1.1d Standard LaTeX ifthen package (DPC)
)
(C:\Users\Vincas\AppData\Local\Programs\MiKTeX\tex/latex/url\url.sty
\Urlmuskip=\muskip17
Package: url 2013/09/16  ver 3.4  Verb mode for urls, etc.
)
\c@tabx@nest=\count291
\c@listtotal=\count292
\c@listcount=\count293
\c@liststart=\count294
\c@liststop=\count295
\c@citecount=\count296
\c@citetotal=\count297
\c@multicitecount=\count298
\c@multicitetotal=\count299
\c@instcount=\count300
\c@maxnames=\count301
\c@minnames=\count302
\c@maxitems=\count303
\c@minitems=\count304
\c@citecounter=\count305
\c@maxcitecounter=\count306
\c@savedcitecounter=\count307
\c@uniquelist=\count308
\c@uniquename=\count309
\c@refsection=\count310
\c@refsegment=\count311
\c@maxextratitle=\count312
\c@maxextratitleyear=\count313
\c@maxextraname=\count314
\c@maxextradate=\count315
\c@maxextraalpha=\count316
\c@abbrvpenalty=\count317
\c@highnamepenalty=\count318
\c@lownamepenalty=\count319
\c@maxparens=\count320
\c@parenlevel=\count321
\blx@tempcnta=\count322
\blx@tempcntb=\count323
\blx@tempcntc=\count324
\c@blx@maxsection=\count325
\blx@maxsegment@0=\count326
\blx@notetype=\count327
\blx@parenlevel@text=\count328
\blx@parenlevel@foot=\count329
\blx@sectionciteorder@0=\count330
\blx@sectionciteorderinternal@0=\count331
\blx@entrysetcounter=\count332
\blx@biblioinstance=\count333
\labelnumberwidth=\skip53
\labelalphawidth=\skip54
\biblabelsep=\skip55
\bibitemsep=\skip56
\bibnamesep=\skip57
\bibinitsep=\skip58
\bibparsep=\skip59
\bibhang=\skip60
\blx@bcfin=\read3
\blx@bcfout=\write3
\blx@langwohyphens=\language80
\c@mincomprange=\count334
\c@maxcomprange=\count335
\c@mincompwidth=\count336
Package biblatex Info: Trying to load biblatex default data model...
Package biblatex Info: ... file 'blx-dm.def' found.

(C:\Users\Vincas\AppData\Local\Programs\MiKTeX\tex/latex/biblatex\blx-dm.def
File: blx-dm.def 2023/03/05 v3.19 biblatex localization (PK/MW)
)
Package biblatex Info: Trying to load biblatex style data model...
Package biblatex Info: ... file 'numeric.dbx' not found.
Package biblatex Info: Trying to load biblatex custom data model...
Package biblatex Info: ... file 'biblatex-dm.cfg' not found.
\c@afterword=\count337
\c@savedafterword=\count338
\c@annotator=\count339
\c@savedannotator=\count340
\c@author=\count341
\c@savedauthor=\count342
\c@bookauthor=\count343
\c@savedbookauthor=\count344
\c@commentator=\count345
\c@savedcommentator=\count346
\c@editor=\count347
\c@savededitor=\count348
\c@editora=\count349
\c@savededitora=\count350
\c@editorb=\count351
\c@savededitorb=\count352
\c@editorc=\count353
\c@savededitorc=\count354
\c@foreword=\count355
\c@savedforeword=\count356
\c@holder=\count357
\c@savedholder=\count358
\c@introduction=\count359
\c@savedintroduction=\count360
\c@namea=\count361
\c@savednamea=\count362
\c@nameb=\count363
\c@savednameb=\count364
\c@namec=\count365
\c@savednamec=\count366
\c@translator=\count367
\c@savedtranslator=\count368
\c@shortauthor=\count369
\c@savedshortauthor=\count370
\c@shorteditor=\count371
\c@savedshorteditor=\count372
\c@labelname=\count373
\c@savedlabelname=\count374
\c@institution=\count375
\c@savedinstitution=\count376
\c@lista=\count377
\c@savedlista=\count378
\c@listb=\count379
\c@savedlistb=\count380
\c@listc=\count381
\c@savedlistc=\count382
\c@listd=\count383
\c@savedlistd=\count384
\c@liste=\count385
\c@savedliste=\count386
\c@listf=\count387
\c@savedlistf=\count388
\c@location=\count389
\c@savedlocation=\count390
\c@organization=\count391
\c@savedorganization=\count392
\c@origlocation=\count393
\c@savedoriglocation=\count394
\c@origpublisher=\count395
\c@savedorigpublisher=\count396
\c@publisher=\count397
\c@savedpublisher=\count398
\c@language=\count399
\c@savedlanguage=\count400
\c@origlanguage=\count401
\c@savedoriglanguage=\count402
\c@pageref=\count403
\c@savedpageref=\count404
\shorthandwidth=\skip61
\shortjournalwidth=\skip62
\shortserieswidth=\skip63
\shorttitlewidth=\skip64
\shortauthorwidth=\skip65
\shorteditorwidth=\skip66
\locallabelnumberwidth=\skip67
\locallabelalphawidth=\skip68
\localshorthandwidth=\skip69
\localshortjournalwidth=\skip70
\localshortserieswidth=\skip71
\localshorttitlewidth=\skip72
\localshortauthorwidth=\skip73
\localshorteditorwidth=\skip74
Package biblatex Info: Trying to load compatibility code...
Package biblatex Info: ... file 'blx-compat.def' found.

(C:\Users\Vincas\AppData\Local\Programs\MiKTeX\tex/latex/biblatex\blx-compat.de
f
File: blx-compat.def 2023/03/05 v3.19 biblatex compatibility (PK/MW)
)
Package biblatex Info: Trying to load generic definitions...
Package biblatex Info: ... file 'biblatex.def' found.

(C:\Users\Vincas\AppData\Local\Programs\MiKTeX\tex/latex/biblatex\biblatex.def
File: biblatex.def 2023/03/05 v3.19 biblatex compatibility (PK/MW)
\c@textcitecount=\count405
\c@textcitetotal=\count406
\c@textcitemaxnames=\count407
\c@biburlbigbreakpenalty=\count408
\c@biburlbreakpenalty=\count409
\c@biburlnumpenalty=\count410
\c@biburlucpenalty=\count411
\c@biburllcpenalty=\count412
\biburlbigskip=\muskip18
\biburlnumskip=\muskip19
\biburlucskip=\muskip20
\biburllcskip=\muskip21
\c@smartand=\count413
)
Package biblatex Info: Trying to load natbib compatibility...
Package biblatex Info: ... file 'blx-natbib.def' found.

(C:\Users\Vincas\AppData\Local\Programs\MiKTeX\tex/latex/biblatex\blx-natbib.de
f
File: blx-natbib.def 2023/03/05 v3.19 biblatex compatibility (PK/MW)
Package biblatex Info: Delimiter 'nameyeardelim' in context '' already defined,
 overwriting.
)
Package biblatex Info: Trying to load bibliography style 'numeric'...
Package biblatex Info: ... file 'numeric.bbx' found.

(C:\Users\Vincas\AppData\Local\Programs\MiKTeX\tex/latex/biblatex/bbx\numeric.b
bx
File: numeric.bbx 2023/03/05 v3.19 biblatex bibliography style (PK/MW)
Package biblatex Info: Trying to load bibliography style 'standard'...
Package biblatex Info: ... file 'standard.bbx' found.

(C:\Users\Vincas\AppData\Local\Programs\MiKTeX\tex/latex/biblatex/bbx\standard.
bbx
File: standard.bbx 2023/03/05 v3.19 biblatex bibliography style (PK/MW)
\c@bbx:relatedcount=\count414
\c@bbx:relatedtotal=\count415
))
Package biblatex Info: Trying to load citation style 'numeric'...
Package biblatex Info: ... file 'numeric.cbx' found.

(C:\Users\Vincas\AppData\Local\Programs\MiKTeX\tex/latex/biblatex/cbx\numeric.c
bx
File: numeric.cbx 2023/03/05 v3.19 biblatex citation style (PK/MW)
Package biblatex Info: Redefining '\cite'.
Package biblatex Info: Redefining '\parencite'.
Package biblatex Info: Redefining '\footcite'.
Package biblatex Info: Redefining '\footcitetext'.
Package biblatex Info: Redefining '\smartcite'.
Package biblatex Info: Redefining '\supercite'.
Package biblatex Info: Redefining '\textcite'.
Package biblatex Info: Redefining '\textcites'.
Package biblatex Info: Redefining '\cites'.
Package biblatex Info: Redefining '\parencites'.
Package biblatex Info: Redefining '\smartcites'.
)
Package biblatex Info: Trying to load configuration file...
Package biblatex Info: ... file 'biblatex.cfg' found.

(C:\Users\Vincas\AppData\Local\Programs\MiKTeX\tex/latex/biblatex\biblatex.cfg
File: biblatex.cfg 
)
Package biblatex Info: Input encoding 'utf8' detected.
Package biblatex Info: Document encoding is UTF8 ....
(C:\Users\Vincas\AppData\Local\Programs\MiKTeX\tex/latex/l3kernel\expl3.sty
Package: expl3 2024-01-22 L3 programming layer (loader) 

(C:\Users\Vincas\AppData\Local\Programs\MiKTeX\tex/latex/l3backend\l3backend-pd
ftex.def
File: l3backend-pdftex.def 2024-01-04 L3 backend support: PDF output (pdfTeX)
\l__color_backend_stack_int=\count416
\l__pdf_internal_box=\box55
))
Package biblatex Info: ... and expl3
(biblatex)             2024-01-22 L3 programming layer (loader) 
(biblatex)             is new enough (at least 2020/04/06),
(biblatex)             setting 'casechanger=expl3'.

(C:\Users\Vincas\AppData\Local\Programs\MiKTeX\tex/latex/biblatex\blx-case-expl
3.sty
(C:\Users\Vincas\AppData\Local\Programs\MiKTeX\tex/latex/l3packages/xparse\xpar
se.sty
Package: xparse 2023-10-10 L3 Experimental document command parser
)
Package: blx-case-expl3 2023/03/05 v3.19 expl3 case changing code for biblatex
))
(C:\Users\Vincas\AppData\Local\Programs\MiKTeX\tex/latex/pdfpages\pdfpages.sty
Package: pdfpages 2024/01/21 v0.5y Insert pages of external PDF documents (AM)

(C:\Users\Vincas\AppData\Local\Programs\MiKTeX\tex/latex/tools\calc.sty
Package: calc 2023/07/08 v4.3 Infix arithmetic (KKT,FJ)
\calc@Acount=\count417
\calc@Bcount=\count418
\calc@Adimen=\dimen161
\calc@Bdimen=\dimen162
\calc@Askip=\skip75
\calc@Bskip=\skip76
LaTeX Info: Redefining \setlength on input line 80.
LaTeX Info: Redefining \addtolength on input line 81.
\calc@Ccount=\count419
\calc@Cskip=\skip77
)
(C:\Users\Vincas\AppData\Local\Programs\MiKTeX\tex/latex/eso-pic\eso-pic.sty
Package: eso-pic 2023/05/03 v3.0c eso-pic (RN)
\ESO@tempdima=\dimen163
\ESO@tempdimb=\dimen164

(C:\Users\Vincas\AppData\Local\Programs\MiKTeX\tex/latex/xcolor\xcolor.sty
Package: xcolor 2023/11/15 v3.01 LaTeX color extensions (UK)

(C:\Users\Vincas\AppData\Local\Programs\MiKTeX\tex/latex/graphics-cfg\color.cfg
File: color.cfg 2016/01/02 v1.6 sample color configuration
)
Package xcolor Info: Driver file: pdftex.def on input line 274.

(C:\Users\Vincas\AppData\Local\Programs\MiKTeX\tex/latex/graphics\mathcolor.ltx
)
Package xcolor Info: Model `cmy' substituted by `cmy0' on input line 1350.
Package xcolor Info: Model `hsb' substituted by `rgb' on input line 1354.
Package xcolor Info: Model `RGB' extended on input line 1366.
Package xcolor Info: Model `HTML' substituted by `rgb' on input line 1368.
Package xcolor Info: Model `Hsb' substituted by `hsb' on input line 1369.
Package xcolor Info: Model `tHsb' substituted by `hsb' on input line 1370.
Package xcolor Info: Model `HSB' substituted by `hsb' on input line 1371.
Package xcolor Info: Model `Gray' substituted by `gray' on input line 1372.
Package xcolor Info: Model `wave' substituted by `hsb' on input line 1373.
))
\AM@pagewidth=\dimen165
\AM@pageheight=\dimen166
\AM@fboxrule=\dimen167

(C:\Users\Vincas\AppData\Local\Programs\MiKTeX\tex/latex/pdfpages\pppdftex.def
File: pppdftex.def 2024/01/21 v0.5y Pdfpages driver for pdfTeX (AM)
)
\pdfpages@includegraphics@status=\count420
\AM@pagebox=\box56
\AM@global@opts=\toks27
\AM@pagecnt=\count421
\AM@toc@title=\toks28
\AM@lof@heading=\toks29
\c@AM@survey=\count422
\AM@templatesizebox=\box57
)
Package csquotes Info: Checking for multilingual support...
Package csquotes Info: ... found 'babel' package.
Package csquotes Info: Adjusting default style.
Package csquotes Info: Redefining alias 'default' -> 'english'.
 (Report.aux)
\openout1 = `Report.aux'.

LaTeX Font Info:    Checking defaults for OML/cmm/m/it on input line 15.
LaTeX Font Info:    ... okay on input line 15.
LaTeX Font Info:    Checking defaults for OMS/cmsy/m/n on input line 15.
LaTeX Font Info:    ... okay on input line 15.
LaTeX Font Info:    Checking defaults for OT1/cmr/m/n on input line 15.
LaTeX Font Info:    ... okay on input line 15.
LaTeX Font Info:    Checking defaults for T1/cmr/m/n on input line 15.
LaTeX Font Info:    ... okay on input line 15.
LaTeX Font Info:    Checking defaults for TS1/cmr/m/n on input line 15.
LaTeX Font Info:    ... okay on input line 15.
LaTeX Font Info:    Checking defaults for OMX/cmex/m/n on input line 15.
LaTeX Font Info:    ... okay on input line 15.
LaTeX Font Info:    Checking defaults for U/cmr/m/n on input line 15.
LaTeX Font Info:    ... okay on input line 15.

(C:\Users\Vincas\AppData\Local\Programs\MiKTeX\tex/context/base/mkii\supp-pdf.m
kii
[Loading MPS to PDF converter (version 2006.09.02).]
\scratchcounter=\count423
\scratchdimen=\dimen168
\scratchbox=\box58
\nofMPsegments=\count424
\nofMParguments=\count425
\everyMPshowfont=\toks30
\MPscratchCnt=\count426
\MPscratchDim=\dimen169
\MPnumerator=\count427
\makeMPintoPDFobject=\count428
\everyMPtoPDFconversion=\toks31
)
(C:\Users\Vincas\AppData\Local\Programs\MiKTeX\tex/latex/epstopdf-pkg\epstopdf-
base.sty
Package: epstopdf-base 2020-01-24 v2.11 Base part for package epstopdf
Package epstopdf-base Info: Redefining graphics rule for `.eps' on input line 4
85.

(C:\Users\Vincas\AppData\Local\Programs\MiKTeX\tex/latex/00miktex\epstopdf-sys.
cfg
File: epstopdf-sys.cfg 2021/03/18 v2.0 Configuration of epstopdf for MiKTeX
))
*geometry* driver: auto-detecting
*geometry* detected driver: pdftex
*geometry* verbose mode - [ preamble ] result:
* driver: pdftex
* paper: a4paper
* layout: <same size as paper>
* layoutoffset:(h,v)=(0.0pt,0.0pt)
* modes: 
* h-part:(L,W,R)=(89.62709pt, 418.25368pt, 89.6271pt)
* v-part:(T,H,B)=(53.49118pt, 711.3189pt, 80.23677pt)
* \paperwidth=597.50787pt
* \paperheight=845.04684pt
* \textwidth=418.25368pt
* \textheight=711.3189pt
* \oddsidemargin=17.3571pt
* \evensidemargin=17.3571pt
* \topmargin=-55.77881pt
* \headheight=12.0pt
* \headsep=25.0pt
* \topskip=11.0pt
* \footskip=30.0pt
* \marginparwidth=50.0pt
* \marginparsep=10.0pt
* \columnsep=10.0pt
* \skip\footins=10.0pt plus 4.0pt minus 2.0pt
* \hoffset=0.0pt
* \voffset=0.0pt
* \mag=1000
* \@twocolumnfalse
* \@twosidefalse
* \@mparswitchfalse
* \@reversemarginfalse
* (1in=72.27pt=25.4mm, 1cm=28.453pt)

Package biblatex Info: Trying to load language 'english'...
Package biblatex Info: ... file 'english.lbx' found.

(C:\Users\Vincas\AppData\Local\Programs\MiKTeX\tex/latex/biblatex/lbx\english.l
bx
File: english.lbx 2023/03/05 v3.19 biblatex localization (PK/MW)
)
Package biblatex Info: Input encoding 'utf8' detected.
Package biblatex Info: Automatic encoding selection.
(biblatex)             Assuming data encoding 'utf8'.
\openout3 = `Report.bcf'.

Package biblatex Info: Trying to load bibliographic data...
Package biblatex Info: ... file 'Report.bbl' found.
 (Report.bbl)
Package biblatex Info: Reference section=0 on input line 15.
Package biblatex Info: Reference segment=0 on input line 15.

(C:\Users\Vincas\AppData\Local\Programs\MiKTeX\tex/latex/pdflscape\pdflscape.st
y
Package: pdflscape 2022-10-27 v0.13 Display of landscape pages in PDF

(C:\Users\Vincas\AppData\Local\Programs\MiKTeX\tex/latex/pdflscape\pdflscape-no
metadata.sty
Package: pdflscape-nometadata 2022-10-28 v0.13 Display of landscape pages in PD
F (HO)

(C:\Users\Vincas\AppData\Local\Programs\MiKTeX\tex/latex/graphics\lscape.sty
Package: lscape 2020/05/28 v3.02 Landscape Pages (DPC)
)
Package pdflscape Info: Auto-detected driver: pdftex on input line 81.
))
<template_front_page.pdf, id=1, 597.50829pt x 845.0471pt>
File: template_front_page.pdf Graphic file (type pdf)
<use template_front_page.pdf>
Package pdftex.def Info: template_front_page.pdf  used on input line 16.
(pdftex.def)             Requested size: 597.50682pt x 845.04504pt.
File: template_front_page.pdf Graphic file (type pdf)
<use template_front_page.pdf>
Package pdftex.def Info: template_front_page.pdf  used on input line 16.
(pdftex.def)             Requested size: 597.50682pt x 845.04504pt.
<template_front_page.pdf, id=4, page=1, 597.50829pt x 845.0471pt>
File: template_front_page.pdf Graphic file (type pdf)
<use template_front_page.pdf, page 1>
Package pdftex.def Info: template_front_page.pdf , page1 used on input line 16.

(pdftex.def)             Requested size: 597.50682pt x 845.04504pt.
File: template_front_page.pdf Graphic file (type pdf)
<use template_front_page.pdf, page 1>
Package pdftex.def Info: template_front_page.pdf , page1 used on input line 16.

(pdftex.def)             Requested size: 597.53416pt x 845.08372pt.
File: template_front_page.pdf Graphic file (type pdf)
<use template_front_page.pdf, page 1>
Package pdftex.def Info: template_front_page.pdf , page1 used on input line 16.

(pdftex.def)             Requested size: 597.53416pt x 845.08372pt.
File: template_front_page.pdf Graphic file (type pdf)
<use template_front_page.pdf, page 1>
Package pdftex.def Info: template_front_page.pdf , page1 used on input line 16.

(pdftex.def)             Requested size: 597.53416pt x 845.08372pt.
File: template_front_page.pdf Graphic file (type pdf)
<use template_front_page.pdf, page 1>
Package pdftex.def Info: template_front_page.pdf , page1 used on input line 16.

(pdftex.def)             Requested size: 597.53416pt x 845.08372pt.
[1


 <./template_front_page.pdf{C:/Users/Vincas/AppData/Local/MiKTeX/fonts/map/pdft
ex/pdftex.map}>]
<template_front_page.pdf, id=26, page=2, 597.50829pt x 845.0471pt>
File: template_front_page.pdf Graphic file (type pdf)
<use template_front_page.pdf, page 2>
Package pdftex.def Info: template_front_page.pdf , page2 used on input line 16.

(pdftex.def)             Requested size: 597.53416pt x 845.08372pt.
File: template_front_page.pdf Graphic file (type pdf)
<use template_front_page.pdf, page 2>
Package pdftex.def Info: template_front_page.pdf , page2 used on input line 16.

(pdftex.def)             Requested size: 597.53416pt x 845.08372pt.
File: template_front_page.pdf Graphic file (type pdf)
<use template_front_page.pdf, page 2>
Package pdftex.def Info: template_front_page.pdf , page2 used on input line 16.

(pdftex.def)             Requested size: 597.53416pt x 845.08372pt.
 [2

 <./template_front_page.pdf>]
<template_front_page.pdf, id=36, page=3, 597.50829pt x 845.0471pt>
File: template_front_page.pdf Graphic file (type pdf)
<use template_front_page.pdf, page 3>
Package pdftex.def Info: template_front_page.pdf , page3 used on input line 16.

(pdftex.def)             Requested size: 597.53416pt x 845.08372pt.
File: template_front_page.pdf Graphic file (type pdf)
<use template_front_page.pdf, page 3>
Package pdftex.def Info: template_front_page.pdf , page3 used on input line 16.

(pdftex.def)             Requested size: 597.53416pt x 845.08372pt.
File: template_front_page.pdf Graphic file (type pdf)
<use template_front_page.pdf, page 3>
Package pdftex.def Info: template_front_page.pdf , page3 used on input line 16.

(pdftex.def)             Requested size: 597.53416pt x 845.08372pt.
 [3

 <./template_front_page.pdf>] (Report.toc)
\tf@toc=\write4
\openout4 = `Report.toc'.

 (Introduction.tex [4

]
Chapter 1.
[5

]) (Background.tex [6]
Chapter 2.
<./Images/RiskGameSet.jpg, id=55, 840.13875pt x 725.71124pt>
File: ./Images/RiskGameSet.jpg Graphic file (type jpg)
<use ./Images/RiskGameSet.jpg>
Package pdftex.def Info: ./Images/RiskGameSet.jpg  used on input line 10.
(pdftex.def)             Requested size: 376.42575pt x 325.1607pt.
[7

 <./Images/RiskGameSet.jpg>] [8]
<./Images/MCTSRollout.png, id=64, 894.34125pt x 286.06876pt>
File: ./Images/MCTSRollout.png Graphic file (type png)
<use ./Images/MCTSRollout.png>
Package pdftex.def Info: ./Images/MCTSRollout.png  used on input line 56.
(pdftex.def)             Requested size: 418.25368pt x 133.78447pt.
 [9] [10 <./Images/MCTSRollout.png>])
(Design.tex [11]
Chapter 3.
[12

]
<./Images/player_select_menu.png, id=85, 1541.76pt x 867.24pt>
File: ./Images/player_select_menu.png Graphic file (type png)
<use ./Images/player_select_menu.png>
Package pdftex.def Info: ./Images/player_select_menu.png  used on input line 29
.
(pdftex.def)             Requested size: 418.25368pt x 235.25627pt.
 [13]
<./Images/game_screen.png, id=90, 1541.76pt x 867.24pt>
File: ./Images/game_screen.png Graphic file (type png)
<use ./Images/game_screen.png>
Package pdftex.def Info: ./Images/game_screen.png  used on input line 35.
(pdftex.def)             Requested size: 418.25368pt x 235.25627pt.
 [14 <./Images/player_select_menu.png> <./Images/game_screen.png>]
<./Images/project_class_architecture_updated.png, id=94, 954.56625pt x 693.5912
5pt>
File: ./Images/project_class_architecture_updated.png Graphic file (type png)
<use ./Images/project_class_architecture_updated.png>
Package pdftex.def Info: ./Images/project_class_architecture_updated.png  used 
on input line 49.
(pdftex.def)             Requested size: 418.25368pt x 303.90051pt.

[15 <./Images/project_class_architecture_updated.png>] [16])
(Implementation.tex [17]
Chapter 4.
[18

] [19] [20] [21]) (Evaluation.tex [22]
Chapter 5.
<./Images/RolloutsGraph.png, id=121, 963.6pt x 642.4pt>
File: ./Images/RolloutsGraph.png Graphic file (type png)
<use ./Images/RolloutsGraph.png>
Package pdftex.def Info: ./Images/RolloutsGraph.png  used on input line 17.
(pdftex.def)             Requested size: 334.60422pt x 223.06917pt.
[23

]
<./Images/DepthGraph.png, id=125, 963.6pt x 642.4pt>
File: ./Images/DepthGraph.png Graphic file (type png)
<use ./Images/DepthGraph.png>
Package pdftex.def Info: ./Images/DepthGraph.png  used on input line 25.
(pdftex.def)             Requested size: 334.60422pt x 223.06917pt.
 [24 <./Images/RolloutsGraph.png> <./Images/DepthGraph.png>]
<./Images/FrontlineExample.png, id=131, 1539.351pt x 730.52925pt>
File: ./Images/FrontlineExample.png Graphic file (type png)
<use ./Images/FrontlineExample.png>
Package pdftex.def Info: ./Images/FrontlineExample.png  used on input line 40.
(pdftex.def)             Requested size: 418.25368pt x 198.48285pt.
 [25 <./Images/FrontlineExample.png>]) [26] (Conclusion.tex [27]
Chapter 6.
[28

] [29]) [30] [31

] [32]
Appendix A.


pdfTeX warning: pdflatex (file ./ProjectProposal.pdf): PDF inclusion: found PDF
 version <1.7>, but at most version <1.5> allowed
<ProjectProposal.pdf, id=159, 597.63278pt x 844.95674pt>
File: ProjectProposal.pdf Graphic file (type pdf)
<use ProjectProposal.pdf>
Package pdftex.def Info: ProjectProposal.pdf  used on input line 34.
(pdftex.def)             Requested size: 597.63132pt x 844.95468pt.


pdfTeX warning: pdflatex (file ./ProjectProposal.pdf): PDF inclusion: found PDF
 version <1.7>, but at most version <1.5> allowed
File: ProjectProposal.pdf Graphic file (type pdf)
<use ProjectProposal.pdf>
Package pdftex.def Info: ProjectProposal.pdf  used on input line 34.
(pdftex.def)             Requested size: 597.63132pt x 844.95468pt.


pdfTeX warning: pdflatex (file ./ProjectProposal.pdf): PDF inclusion: found PDF
 version <1.7>, but at most version <1.5> allowed


pdfTeX warning: pdflatex (file ./ProjectProposal.pdf): PDF inclusion: found PDF
 version <1.7>, but at most version <1.5> allowed
<ProjectProposal.pdf, id=162, page=1, 597.63278pt x 844.95674pt>
File: ProjectProposal.pdf Graphic file (type pdf)
<use ProjectProposal.pdf, page 1>
Package pdftex.def Info: ProjectProposal.pdf , page1 used on input line 34.
(pdftex.def)             Requested size: 597.63132pt x 844.95468pt.
File: ProjectProposal.pdf Graphic file (type pdf)
<use ProjectProposal.pdf, page 1>
Package pdftex.def Info: ProjectProposal.pdf , page1 used on input line 34.
(pdftex.def)             Requested size: 598.13286pt x 845.66379pt.
[33

]
File: ProjectProposal.pdf Graphic file (type pdf)
<use ProjectProposal.pdf, page 1>
Package pdftex.def Info: ProjectProposal.pdf , page1 used on input line 34.
(pdftex.def)             Requested size: 598.13286pt x 845.66379pt.
File: ProjectProposal.pdf Graphic file (type pdf)
<use ProjectProposal.pdf, page 1>
Package pdftex.def Info: ProjectProposal.pdf , page1 used on input line 34.
(pdftex.def)             Requested size: 598.13286pt x 845.66379pt.
File: ProjectProposal.pdf Graphic file (type pdf)
<use ProjectProposal.pdf, page 1>
Package pdftex.def Info: ProjectProposal.pdf , page1 used on input line 34.
(pdftex.def)             Requested size: 598.13286pt x 845.66379pt.
 [34

 <./ProjectProposal.pdf>]

pdfTeX warning: pdflatex (file ./ProjectProposal.pdf): PDF inclusion: found PDF
 version <1.7>, but at most version <1.5> allowed
<ProjectProposal.pdf, id=194, page=2, 597.63278pt x 844.95674pt>
File: ProjectProposal.pdf Graphic file (type pdf)
<use ProjectProposal.pdf, page 2>
Package pdftex.def Info: ProjectProposal.pdf , page2 used on input line 34.
(pdftex.def)             Requested size: 598.13286pt x 845.66379pt.
File: ProjectProposal.pdf Graphic file (type pdf)
<use ProjectProposal.pdf, page 2>
Package pdftex.def Info: ProjectProposal.pdf , page2 used on input line 34.
(pdftex.def)             Requested size: 598.13286pt x 845.66379pt.
File: ProjectProposal.pdf Graphic file (type pdf)
<use ProjectProposal.pdf, page 2>
Package pdftex.def Info: ProjectProposal.pdf , page2 used on input line 34.
(pdftex.def)             Requested size: 598.13286pt x 845.66379pt.
[35

 <./ProjectProposal.pdf>]

pdfTeX warning: pdflatex (file ./ProjectProposal.pdf): PDF inclusion: found PDF
 version <1.7>, but at most version <1.5> allowed
<ProjectProposal.pdf, id=210, page=3, 597.63278pt x 844.95674pt>
File: ProjectProposal.pdf Graphic file (type pdf)
<use ProjectProposal.pdf, page 3>
Package pdftex.def Info: ProjectProposal.pdf , page3 used on input line 34.
(pdftex.def)             Requested size: 598.13286pt x 845.66379pt.
File: ProjectProposal.pdf Graphic file (type pdf)
<use ProjectProposal.pdf, page 3>
Package pdftex.def Info: ProjectProposal.pdf , page3 used on input line 34.
(pdftex.def)             Requested size: 598.13286pt x 845.66379pt.
File: ProjectProposal.pdf Graphic file (type pdf)
<use ProjectProposal.pdf, page 3>
Package pdftex.def Info: ProjectProposal.pdf , page3 used on input line 34.
(pdftex.def)             Requested size: 598.13286pt x 845.66379pt.
[36

 <./ProjectProposal.pdf>]

pdfTeX warning: pdflatex (file ./ProjectProposal.pdf): PDF inclusion: found PDF
 version <1.7>, but at most version <1.5> allowed
<ProjectProposal.pdf, id=217, page=4, 597.63278pt x 844.95674pt>
File: ProjectProposal.pdf Graphic file (type pdf)
<use ProjectProposal.pdf, page 4>
Package pdftex.def Info: ProjectProposal.pdf , page4 used on input line 34.
(pdftex.def)             Requested size: 598.13286pt x 845.66379pt.
File: ProjectProposal.pdf Graphic file (type pdf)
<use ProjectProposal.pdf, page 4>
Package pdftex.def Info: ProjectProposal.pdf , page4 used on input line 34.
(pdftex.def)             Requested size: 598.13286pt x 845.66379pt.
File: ProjectProposal.pdf Graphic file (type pdf)
<use ProjectProposal.pdf, page 4>
Package pdftex.def Info: ProjectProposal.pdf , page4 used on input line 34.
(pdftex.def)             Requested size: 598.13286pt x 845.66379pt.
[37

 <./ProjectProposal.pdf>]

pdfTeX warning: pdflatex (file ./ProjectProposal.pdf): PDF inclusion: found PDF
 version <1.7>, but at most version <1.5> allowed
<ProjectProposal.pdf, id=223, page=5, 597.63278pt x 844.95674pt>
File: ProjectProposal.pdf Graphic file (type pdf)
<use ProjectProposal.pdf, page 5>
Package pdftex.def Info: ProjectProposal.pdf , page5 used on input line 34.
(pdftex.def)             Requested size: 598.13286pt x 845.66379pt.
File: ProjectProposal.pdf Graphic file (type pdf)
<use ProjectProposal.pdf, page 5>
Package pdftex.def Info: ProjectProposal.pdf , page5 used on input line 34.
(pdftex.def)             Requested size: 598.13286pt x 845.66379pt.
File: ProjectProposal.pdf Graphic file (type pdf)
<use ProjectProposal.pdf, page 5>
Package pdftex.def Info: ProjectProposal.pdf , page5 used on input line 34.
(pdftex.def)             Requested size: 598.13286pt x 845.66379pt.
[38

 <./ProjectProposal.pdf>]

pdfTeX warning: pdflatex (file ./ProjectProposal.pdf): PDF inclusion: found PDF
 version <1.7>, but at most version <1.5> allowed
<ProjectProposal.pdf, id=228, page=6, 597.63278pt x 844.95674pt>
File: ProjectProposal.pdf Graphic file (type pdf)
<use ProjectProposal.pdf, page 6>
Package pdftex.def Info: ProjectProposal.pdf , page6 used on input line 34.
(pdftex.def)             Requested size: 598.13286pt x 845.66379pt.
File: ProjectProposal.pdf Graphic file (type pdf)
<use ProjectProposal.pdf, page 6>
Package pdftex.def Info: ProjectProposal.pdf , page6 used on input line 34.
(pdftex.def)             Requested size: 598.13286pt x 845.66379pt.
File: ProjectProposal.pdf Graphic file (type pdf)
<use ProjectProposal.pdf, page 6>
Package pdftex.def Info: ProjectProposal.pdf , page6 used on input line 34.
(pdftex.def)             Requested size: 598.13286pt x 845.66379pt.
[39

 <./ProjectProposal.pdf>]

pdfTeX warning: pdflatex (file ./ProjectProposal.pdf): PDF inclusion: found PDF
 version <1.7>, but at most version <1.5> allowed
<ProjectProposal.pdf, id=234, page=7, 597.63278pt x 844.95674pt>
File: ProjectProposal.pdf Graphic file (type pdf)
<use ProjectProposal.pdf, page 7>
Package pdftex.def Info: ProjectProposal.pdf , page7 used on input line 34.
(pdftex.def)             Requested size: 598.13286pt x 845.66379pt.
File: ProjectProposal.pdf Graphic file (type pdf)
<use ProjectProposal.pdf, page 7>
Package pdftex.def Info: ProjectProposal.pdf , page7 used on input line 34.
(pdftex.def)             Requested size: 598.13286pt x 845.66379pt.
File: ProjectProposal.pdf Graphic file (type pdf)
<use ProjectProposal.pdf, page 7>
Package pdftex.def Info: ProjectProposal.pdf , page7 used on input line 34.
(pdftex.def)             Requested size: 598.13286pt x 845.66379pt.
[40

 <./ProjectProposal.pdf>] (Report.aux)
 ***********
LaTeX2e <2023-11-01> patch level 1
L3 programming layer <2024-01-22>
 ***********
Package logreq Info: Writing requests to 'Report.run.xml'.
\openout1 = `Report.run.xml'.

 ) 
Here is how much of TeX's memory you used:
 14055 strings out of 474541
 262884 string characters out of 5743954
 1936978 words of memory out of 5000000
 36109 multiletter control sequences out of 15000+600000
 566732 words of font info for 66 fonts, out of 8000000 for 9000
 1141 hyphenation exceptions out of 8191
 68i,17n,81p,1407b,1791s stack positions out of 10000i,1000n,20000p,200000b,200000s
 <C:\Users\Vincas\AppData\Local\MiKTeX\fonts/pk/ljfour/jknappen/ec/dpi600\tcr
m1095.pk><C:/Users/Vincas/AppData/Local/Programs/MiKTeX/fonts/type1/public/amsf
onts/cm/cmbx10.pfb><C:/Users/Vincas/AppData/Local/Programs/MiKTeX/fonts/type1/p
ublic/amsfonts/cm/cmbx12.pfb><C:/Users/Vincas/AppData/Local/Programs/MiKTeX/fon
ts/type1/public/amsfonts/cm/cmcsc10.pfb><C:/Users/Vincas/AppData/Local/Programs
/MiKTeX/fonts/type1/public/amsfonts/cm/cmex10.pfb><C:/Users/Vincas/AppData/Loca
l/Programs/MiKTeX/fonts/type1/public/amsfonts/cm/cmmi10.pfb><C:/Users/Vincas/Ap
pData/Local/Programs/MiKTeX/fonts/type1/public/amsfonts/cm/cmmi8.pfb><C:/Users/
Vincas/AppData/Local/Programs/MiKTeX/fonts/type1/public/amsfonts/cm/cmr10.pfb><
C:/Users/Vincas/AppData/Local/Programs/MiKTeX/fonts/type1/public/amsfonts/cm/cm
r12.pfb><C:/Users/Vincas/AppData/Local/Programs/MiKTeX/fonts/type1/public/amsfo
nts/cm/cmr6.pfb><C:/Users/Vincas/AppData/Local/Programs/MiKTeX/fonts/type1/publ
ic/amsfonts/cm/cmr8.pfb><C:/Users/Vincas/AppData/Local/Programs/MiKTeX/fonts/ty
pe1/public/amsfonts/cm/cmr9.pfb><C:/Users/Vincas/AppData/Local/Programs/MiKTeX/
fonts/type1/public/amsfonts/cm/cmsy10.pfb><C:/Users/Vincas/AppData/Local/Progra
ms/MiKTeX/fonts/type1/public/amsfonts/cm/cmti10.pfb><C:/Users/Vincas/AppData/Lo
cal/Programs/MiKTeX/fonts/type1/public/amsfonts/cm/cmtt10.pfb>
Output written on Report.pdf (40 pages, 1381271 bytes).
PDF statistics:
 298 PDF objects out of 1000 (max. 8388607)
 0 named destinations out of 1000 (max. 500000)
 121 words of extra memory for PDF output out of 10000 (max. 10000000)

